<?xml version="1.0" encoding="UTF-8"?>
<testng-results ignored="0" total="1" passed="1" failed="0" skipped="0">
  <reporter-output>
  </reporter-output>
  <suite started-at="2022-07-19T18:25:44 IST" name="Suite" finished-at="2022-07-19T18:26:11 IST" duration-ms="26582">
    <groups>
    </groups>
    <test started-at="2022-07-19T18:25:44 IST" name="Test" finished-at="2022-07-19T18:26:11 IST" duration-ms="26582">
      <class name="com.orangeHRM.Testcases.Logintest">
        <test-method is-config="true" signature="statusReport()[pri:0, instance:com.orangeHRM.Testcases.Logintest@10e41621]" started-at="2022-07-19T18:25:43 IST" name="statusReport" finished-at="2022-07-19T18:25:44 IST" duration-ms="452" status="PASS">
          <reporter-output>
          </reporter-output>
        </test-method> <!-- statusReport -->
        <test-method is-config="true" signature="startSession()[pri:0, instance:com.orangeHRM.Testcases.Logintest@10e41621]" started-at="2022-07-19T18:25:44 IST" name="startSession" finished-at="2022-07-19T18:25:59 IST" duration-ms="14887" status="PASS">
          <reporter-output>
          </reporter-output>
        </test-method> <!-- startSession -->
        <test-method signature="test()[pri:0, instance:com.orangeHRM.Testcases.Logintest@10e41621]" started-at="2022-07-19T18:25:59 IST" name="test" finished-at="2022-07-19T18:26:08 IST" duration-ms="9071" status="PASS">
          <reporter-output>
          </reporter-output>
        </test-method> <!-- test -->
        <test-method is-config="true" signature="resultReport(org.testng.ITestResult)[pri:0, instance:com.orangeHRM.Testcases.Logintest@10e41621]" started-at="2022-07-19T18:26:08 IST" name="resultReport" finished-at="2022-07-19T18:26:10 IST" duration-ms="1937" status="PASS">
          <params>
            <param index="0">
              <value>
                <![CDATA[[TestResult name=test status=SUCCESS method=Logintest.test()[pri:0, instance:com.orangeHRM.Testcases.Logintest@10e41621] output={null}]]]>
              </value>
            </param>
          </params>
          <reporter-output>
          </reporter-output>
        </test-method> <!-- resultReport -->
        <test-method is-config="true" signature="EndSession()[pri:0, instance:com.orangeHRM.Testcases.Logintest@10e41621]" started-at="2022-07-19T18:26:10 IST" name="EndSession" finished-at="2022-07-19T18:26:11 IST" duration-ms="640" status="PASS">
          <reporter-output>
          </reporter-output>
        </test-method> <!-- EndSession -->
      </class> <!-- com.orangeHRM.Testcases.Logintest -->
    </test> <!-- Test -->
  </suite> <!-- Suite -->
</testng-results>
